\BOOKMARK [1][-]{section.3}{Introduction}{}
\BOOKMARK [2][-]{subsection.4}{Overview of the thesis}{section.3}
\BOOKMARK [1][-]{section.5}{MDE: Model Driven Engineering}{}
\BOOKMARK [2][-]{subsection.6}{Services and composition, SOC and SOA}{section.5}
\BOOKMARK [2][-]{subsection.7}{BPEL, its drawbacks and the use of WSs in a lightweight scenario}{section.5}
\BOOKMARK [2][-]{subsection.8}{Other works and proposed approach}{section.5}
\BOOKMARK [1][-]{section.9}{The methodological approach}{}
\BOOKMARK [1][-]{section.10}{Tools and Techniques}{}
\BOOKMARK [2][-]{subsection.11}{The Model Driven Architecture \(MDA\)}{section.10}
\BOOKMARK [2][-]{subsection.12}{Java RMI}{section.10}
\BOOKMARK [2][-]{subsection.13}{Jet}{section.10}
\BOOKMARK [2][-]{subsection.14}{EMF and Open Architecture Ware \(Eclipse\)}{section.10}
\BOOKMARK [2][-]{subsection.15}{other...}{section.10}
\BOOKMARK [1][-]{section.16}{Detailed Architecture}{}
\BOOKMARK [1][-]{section.17}{Implementation}{}
\BOOKMARK [1][-]{section.18}{Discussion}{}
\BOOKMARK [1][-]{section.19}{Conclusion}{}
\BOOKMARK [1][-]{section*.20}{References}{}
\BOOKMARK [1][-]{section*.21}{List of Tables}{}
\BOOKMARK [1][-]{section*.22}{List of Figures}{}
\BOOKMARK [1][-]{section*.23}{Appendix}{}
